<?xml version="1.0" encoding="UTF-8"?>
<coverage generated="1770194666248" clover="3.2.0">
  <project timestamp="1770194666248" name="All files">
    <metrics statements="298" coveredstatements="118" conditionals="111" coveredconditionals="44" methods="49" coveredmethods="30" elements="458" coveredelements="192" complexity="0" loc="298" ncloc="298" packages="1" files="4" classes="4"/>
    <file name="broker-report-generator.ts" path="/home/ubuntu/saudi-exchange-reports/skills/saudi-exchange/scripts/broker-report-generator.ts">
      <metrics statements="88" coveredstatements="81" conditionals="51" coveredconditionals="41" methods="18" coveredmethods="18"/>
      <line num="45" count="1" type="stmt"/>
      <line num="49" count="14" type="stmt"/>
      <line num="58" count="13" type="stmt"/>
      <line num="59" count="13" type="stmt"/>
      <line num="62" count="13" type="stmt"/>
      <line num="63" count="124" type="stmt"/>
      <line num="66" count="13" type="stmt"/>
      <line num="67" count="124" type="stmt"/>
      <line num="68" count="124" type="stmt"/>
      <line num="70" count="124" type="stmt"/>
      <line num="71" count="124" type="cond" truecount="1" falsecount="0"/>
      <line num="73" count="112" type="stmt"/>
      <line num="76" count="124" type="stmt"/>
      <line num="77" count="124" type="cond" truecount="3" falsecount="0"/>
      <line num="78" count="112" type="stmt"/>
      <line num="81" count="124" type="stmt"/>
      <line num="82" count="124" type="cond" truecount="3" falsecount="0"/>
      <line num="83" count="112" type="stmt"/>
      <line num="86" count="124" type="stmt"/>
      <line num="103" count="124" type="stmt"/>
      <line num="104" count="13" type="stmt"/>
      <line num="105" count="13" type="stmt"/>
      <line num="106" count="124" type="stmt"/>
      <line num="107" count="12" type="stmt"/>
      <line num="110" count="124" type="stmt"/>
      <line num="112" count="13" type="stmt"/>
      <line num="113" count="13" type="stmt"/>
      <line num="115" count="13" type="cond" truecount="1" falsecount="0"/>
      <line num="116" count="13" type="stmt"/>
      <line num="117" count="99" type="cond" truecount="4" falsecount="0"/>
      <line num="119" count="13" type="stmt"/>
      <line num="120" count="99" type="cond" truecount="4" falsecount="0"/>
      <line num="125" count="124" type="stmt"/>
      <line num="126" count="13" type="stmt"/>
      <line num="127" count="124" type="stmt"/>
      <line num="129" count="13" type="cond" truecount="1" falsecount="1"/>
      <line num="133" count="13" type="stmt"/>
      <line num="148" count="4" type="stmt"/>
      <line num="151" count="4" type="stmt"/>
      <line num="152" count="4" type="stmt"/>
      <line num="153" count="4" type="stmt"/>
      <line num="154" count="4" type="stmt"/>
      <line num="155" count="4" type="stmt"/>
      <line num="156" count="4" type="stmt"/>
      <line num="159" count="4" type="cond" truecount="1" falsecount="0"/>
      <line num="160" count="4" type="stmt"/>
      <line num="162" count="4" type="cond" truecount="3" falsecount="0"/>
      <line num="163" count="4" type="stmt"/>
      <line num="165" count="4" type="cond" truecount="1" falsecount="0"/>
      <line num="166" count="4" type="stmt"/>
      <line num="168" count="4" type="stmt"/>
      <line num="171" count="4" type="stmt"/>
      <line num="172" count="4" type="stmt"/>
      <line num="175" count="4" type="stmt"/>
      <line num="176" count="40" type="stmt"/>
      <line num="177" count="40" type="stmt"/>
      <line num="180" count="40" type="cond" truecount="2" falsecount="0"/>
      <line num="181" count="4" type="stmt"/>
      <line num="182" count="36" type="cond" truecount="2" falsecount="0"/>
      <line num="183" count="12" type="stmt"/>
      <line num="184" count="24" type="cond" truecount="2" falsecount="0"/>
      <line num="185" count="12" type="stmt"/>
      <line num="187" count="12" type="stmt"/>
      <line num="190" count="40" type="stmt"/>
      <line num="191" count="40" type="cond" truecount="2" falsecount="0"/>
      <line num="194" count="40" type="stmt"/>
      <line num="196" count="40" type="stmt"/>
      <line num="199" count="4" type="stmt"/>
      <line num="200" count="4" type="stmt"/>
      <line num="202" count="4" type="stmt"/>
      <line num="206" count="1" type="stmt"/>
      <line num="207" count="1" type="stmt"/>
      <line num="209" count="10" type="stmt"/>
      <line num="210" count="10" type="stmt"/>
      <line num="211" count="1" type="cond" truecount="1" falsecount="1"/>
      <line num="213" count="1" type="stmt"/>
      <line num="224" count="4" type="cond" truecount="1" falsecount="3"/>
      <line num="226" count="4" type="stmt"/>
      <line num="228" count="0" type="stmt"/>
      <line num="230" count="0" type="stmt"/>
      <line num="232" count="0" type="stmt"/>
      <line num="237" count="40" type="cond" truecount="1" falsecount="1"/>
      <line num="238" count="0" type="stmt"/>
      <line num="239" count="40" type="cond" truecount="1" falsecount="1"/>
      <line num="240" count="40" type="stmt"/>
      <line num="241" count="0" type="cond" truecount="0" falsecount="1"/>
      <line num="242" count="0" type="stmt"/>
      <line num="244" count="0" type="stmt"/>
    </file>
    <file name="database.ts" path="/home/ubuntu/saudi-exchange-reports/skills/saudi-exchange/scripts/database.ts">
      <metrics statements="60" coveredstatements="37" conditionals="8" coveredconditionals="3" methods="19" coveredmethods="12"/>
      <line num="6" count="2" type="stmt"/>
      <line num="7" count="2" type="stmt"/>
      <line num="34" count="2" type="stmt"/>
      <line num="38" count="25" type="stmt"/>
      <line num="39" count="25" type="cond" truecount="1" falsecount="1"/>
      <line num="40" count="25" type="stmt"/>
      <line num="45" count="25" type="stmt"/>
      <line num="67" count="25" type="stmt"/>
      <line num="81" count="25" type="stmt"/>
      <line num="91" count="2" type="stmt"/>
      <line num="95" count="4" type="stmt"/>
      <line num="99" count="324" type="stmt"/>
      <line num="126" count="324" type="stmt"/>
      <line num="130" count="0" type="stmt"/>
      <line num="131" count="0" type="stmt"/>
      <line num="132" count="0" type="stmt"/>
      <line num="135" count="0" type="stmt"/>
      <line num="139" count="20" type="stmt"/>
      <line num="143" count="20" type="stmt"/>
      <line num="145" count="20" type="cond" truecount="1" falsecount="0"/>
      <line num="146" count="18" type="stmt"/>
      <line num="147" count="18" type="stmt"/>
      <line num="150" count="20" type="stmt"/>
      <line num="152" count="20" type="stmt"/>
      <line num="153" count="20" type="stmt"/>
      <line num="157" count="28" type="stmt"/>
      <line num="161" count="28" type="stmt"/>
      <line num="163" count="28" type="cond" truecount="1" falsecount="0"/>
      <line num="164" count="26" type="stmt"/>
      <line num="165" count="26" type="stmt"/>
      <line num="168" count="28" type="stmt"/>
      <line num="169" count="28" type="stmt"/>
      <line num="171" count="28" type="stmt"/>
      <line num="172" count="28" type="stmt"/>
      <line num="176" count="0" type="stmt"/>
      <line num="180" count="0" type="stmt"/>
      <line num="182" count="0" type="cond" truecount="0" falsecount="1"/>
      <line num="183" count="0" type="stmt"/>
      <line num="184" count="0" type="stmt"/>
      <line num="187" count="0" type="stmt"/>
      <line num="188" count="0" type="stmt"/>
      <line num="192" count="1" type="stmt"/>
      <line num="196" count="3" type="stmt"/>
      <line num="200" count="0" type="stmt"/>
      <line num="205" count="0" type="stmt"/>
      <line num="209" count="0" type="stmt"/>
      <line num="213" count="0" type="stmt"/>
      <line num="215" count="0" type="cond" truecount="0" falsecount="1"/>
      <line num="216" count="0" type="stmt"/>
      <line num="217" count="0" type="stmt"/>
      <line num="220" count="0" type="stmt"/>
      <line num="221" count="0" type="stmt"/>
      <line num="222" count="0" type="cond" truecount="0" falsecount="2"/>
      <line num="226" count="1" type="stmt"/>
      <line num="237" count="1" type="stmt"/>
      <line num="241" count="1" type="stmt"/>
      <line num="245" count="1" type="stmt"/>
      <line num="249" count="0" type="stmt"/>
      <line num="253" count="0" type="stmt"/>
      <line num="257" count="25" type="stmt"/>
    </file>
    <file name="download-reports.ts" path="/home/ubuntu/saudi-exchange-reports/skills/saudi-exchange/scripts/download-reports.ts">
      <metrics statements="98" coveredstatements="0" conditionals="39" coveredconditionals="0" methods="11" coveredmethods="0"/>
      <line num="7" count="0" type="stmt"/>
      <line num="8" count="0" type="stmt"/>
      <line num="9" count="0" type="stmt"/>
      <line num="10" count="0" type="stmt"/>
      <line num="11" count="0" type="stmt"/>
      <line num="14" count="0" type="stmt"/>
      <line num="35" count="0" type="stmt"/>
      <line num="36" count="0" type="stmt"/>
      <line num="40" count="0" type="stmt"/>
      <line num="41" count="0" type="stmt"/>
      <line num="44" count="0" type="stmt"/>
      <line num="46" count="0" type="stmt"/>
      <line num="47" count="0" type="stmt"/>
      <line num="49" count="0" type="stmt"/>
      <line num="50" count="0" type="cond" truecount="0" falsecount="1"/>
      <line num="51" count="0" type="stmt"/>
      <line num="52" count="0" type="stmt"/>
      <line num="56" count="0" type="cond" truecount="0" falsecount="1"/>
      <line num="57" count="0" type="stmt"/>
      <line num="59" count="0" type="cond" truecount="0" falsecount="1"/>
      <line num="60" count="0" type="stmt"/>
      <line num="62" count="0" type="cond" truecount="0" falsecount="1"/>
      <line num="63" count="0" type="stmt"/>
      <line num="67" count="0" type="stmt"/>
      <line num="68" count="0" type="stmt"/>
      <line num="69" count="0" type="stmt"/>
      <line num="70" count="0" type="stmt"/>
      <line num="74" count="0" type="stmt"/>
      <line num="75" count="0" type="stmt"/>
      <line num="78" count="0" type="cond" truecount="0" falsecount="3"/>
      <line num="79" count="0" type="stmt"/>
      <line num="80" count="0" type="stmt"/>
      <line num="83" count="0" type="stmt"/>
      <line num="85" count="0" type="stmt"/>
      <line num="86" count="0" type="stmt"/>
      <line num="95" count="0" type="cond" truecount="0" falsecount="3"/>
      <line num="96" count="0" type="stmt"/>
      <line num="97" count="0" type="stmt"/>
      <line num="100" count="0" type="stmt"/>
      <line num="109" count="0" type="cond" truecount="0" falsecount="2"/>
      <line num="110" count="0" type="stmt"/>
      <line num="111" count="0" type="stmt"/>
      <line num="113" count="0" type="stmt"/>
      <line num="119" count="0" type="stmt"/>
      <line num="121" count="0" type="cond" truecount="0" falsecount="1"/>
      <line num="122" count="0" type="stmt"/>
      <line num="123" count="0" type="stmt"/>
      <line num="126" count="0" type="stmt"/>
      <line num="127" count="0" type="stmt"/>
      <line num="129" count="0" type="cond" truecount="0" falsecount="1"/>
      <line num="130" count="0" type="stmt"/>
      <line num="131" count="0" type="stmt"/>
      <line num="135" count="0" type="stmt"/>
      <line num="136" count="0" type="stmt"/>
      <line num="138" count="0" type="stmt"/>
      <line num="139" count="0" type="cond" truecount="0" falsecount="1"/>
      <line num="140" count="0" type="stmt"/>
      <line num="141" count="0" type="stmt"/>
      <line num="146" count="0" type="stmt"/>
      <line num="147" count="0" type="stmt"/>
      <line num="148" count="0" type="stmt"/>
      <line num="149" count="0" type="cond" truecount="0" falsecount="1"/>
      <line num="150" count="0" type="stmt"/>
      <line num="151" count="0" type="stmt"/>
      <line num="154" count="0" type="stmt"/>
      <line num="155" count="0" type="stmt"/>
      <line num="156" count="0" type="stmt"/>
      <line num="159" count="0" type="stmt"/>
      <line num="176" count="0" type="stmt"/>
      <line num="177" count="0" type="stmt"/>
      <line num="178" count="0" type="stmt"/>
      <line num="182" count="0" type="stmt"/>
      <line num="183" count="0" type="stmt"/>
      <line num="184" count="0" type="stmt"/>
      <line num="186" count="0" type="stmt"/>
      <line num="187" count="0" type="cond" truecount="0" falsecount="2"/>
      <line num="188" count="0" type="stmt"/>
      <line num="189" count="0" type="cond" truecount="0" falsecount="4"/>
      <line num="190" count="0" type="stmt"/>
      <line num="191" count="0" type="stmt"/>
      <line num="193" count="0" type="stmt"/>
      <line num="196" count="0" type="stmt"/>
      <line num="198" count="0" type="stmt"/>
      <line num="202" count="0" type="stmt"/>
      <line num="208" count="0" type="stmt"/>
      <line num="210" count="0" type="stmt"/>
      <line num="219" count="0" type="stmt"/>
      <line num="221" count="0" type="stmt"/>
      <line num="223" count="0" type="stmt"/>
      <line num="228" count="0" type="stmt"/>
      <line num="230" count="0" type="stmt"/>
      <line num="231" count="0" type="cond" truecount="0" falsecount="2"/>
      <line num="232" count="0" type="stmt"/>
      <line num="234" count="0" type="stmt"/>
      <line num="237" count="0" type="stmt"/>
      <line num="241" count="0" type="cond" truecount="0" falsecount="1"/>
      <line num="242" count="0" type="stmt"/>
      <line num="245" count="0" type="stmt"/>
    </file>
    <file name="generate-broker-report.ts" path="/home/ubuntu/saudi-exchange-reports/skills/saudi-exchange/scripts/generate-broker-report.ts">
      <metrics statements="52" coveredstatements="0" conditionals="13" coveredconditionals="0" methods="1" coveredmethods="0"/>
      <line num="7" count="0" type="stmt"/>
      <line num="8" count="0" type="stmt"/>
      <line num="9" count="0" type="stmt"/>
      <line num="10" count="0" type="stmt"/>
      <line num="11" count="0" type="stmt"/>
      <line num="23" count="0" type="stmt"/>
      <line num="25" count="0" type="stmt"/>
      <line num="36" count="0" type="stmt"/>
      <line num="38" count="0" type="stmt"/>
      <line num="47" count="0" type="stmt"/>
      <line num="48" count="0" type="stmt"/>
      <line num="49" count="0" type="stmt"/>
      <line num="50" count="0" type="stmt"/>
      <line num="51" count="0" type="stmt"/>
      <line num="52" count="0" type="stmt"/>
      <line num="54" count="0" type="stmt"/>
      <line num="55" count="0" type="stmt"/>
      <line num="57" count="0" type="stmt"/>
      <line num="59" count="0" type="stmt"/>
      <line num="60" count="0" type="cond" truecount="0" falsecount="2"/>
      <line num="62" count="0" type="cond" truecount="0" falsecount="1"/>
      <line num="63" count="0" type="stmt"/>
      <line num="64" count="0" type="stmt"/>
      <line num="65" count="0" type="stmt"/>
      <line num="68" count="0" type="stmt"/>
      <line num="69" count="0" type="stmt"/>
      <line num="70" count="0" type="stmt"/>
      <line num="71" count="0" type="stmt"/>
      <line num="74" count="0" type="cond" truecount="0" falsecount="1"/>
      <line num="75" count="0" type="stmt"/>
      <line num="76" count="0" type="stmt"/>
      <line num="79" count="0" type="cond" truecount="0" falsecount="1"/>
      <line num="80" count="0" type="stmt"/>
      <line num="81" count="0" type="stmt"/>
      <line num="85" count="0" type="stmt"/>
      <line num="93" count="0" type="cond" truecount="0" falsecount="2"/>
      <line num="94" count="0" type="stmt"/>
      <line num="96" count="0" type="stmt"/>
      <line num="100" count="0" type="stmt"/>
      <line num="101" count="0" type="stmt"/>
      <line num="103" count="0" type="stmt"/>
      <line num="106" count="0" type="stmt"/>
      <line num="107" count="0" type="stmt"/>
      <line num="108" count="0" type="cond" truecount="0" falsecount="1"/>
      <line num="109" count="0" type="stmt"/>
      <line num="111" count="0" type="cond" truecount="0" falsecount="3"/>
      <line num="112" count="0" type="stmt"/>
      <line num="114" count="0" type="cond" truecount="0" falsecount="1"/>
      <line num="115" count="0" type="stmt"/>
      <line num="119" count="0" type="stmt"/>
      <line num="123" count="0" type="cond" truecount="0" falsecount="1"/>
      <line num="124" count="0" type="stmt"/>
    </file>
  </project>
</coverage>
