{"/home/ubuntu/saudi-exchange-reports/skills/saudi-exchange/scripts/broker-report-generator.ts": {"path":"/home/ubuntu/saudi-exchange-reports/skills/saudi-exchange/scripts/broker-report-generator.ts","statementMap":{"0":{"start":{"line":49,"column":4},"end":{"line":49,"column":17}},"1":{"start":{"line":58,"column":24},"end":{"line":58,"column":76}},"2":{"start":{"line":59,"column":25},"end":{"line":59,"column":78}},"3":{"start":{"line":62,"column":24},"end":{"line":62,"column":60}},"4":{"start":{"line":63,"column":4},"end":{"line":63,"column":67}},"5":{"start":{"line":63,"column":32},"end":{"line":63,"column":65}},"6":{"start":{"line":66,"column":44},"end":{"line":100,"column":6}},"7":{"start":{"line":67,"column":23},"end":{"line":67,"column":59}},"8":{"start":{"line":68,"column":27},"end":{"line":68,"column":36}},"9":{"start":{"line":70,"column":38},"end":{"line":70,"column":42}},"10":{"start":{"line":71,"column":6},"end":{"line":74,"column":7}},"11":{"start":{"line":73,"column":8},"end":{"line":73,"column":64}},"12":{"start":{"line":76,"column":42},"end":{"line":76,"column":46}},"13":{"start":{"line":77,"column":6},"end":{"line":79,"column":7}},"14":{"start":{"line":78,"column":8},"end":{"line":78,"column":101}},"15":{"start":{"line":81,"column":43},"end":{"line":81,"column":47}},"16":{"start":{"line":82,"column":6},"end":{"line":84,"column":7}},"17":{"start":{"line":83,"column":8},"end":{"line":83,"column":105}},"18":{"start":{"line":86,"column":6},"end":{"line":99,"column":8}},"19":{"start":{"line":103,"column":31},"end":{"line":103,"column":77}},"20":{"start":{"line":103,"column":62},"end":{"line":103,"column":75}},"21":{"start":{"line":104,"column":25},"end":{"line":104,"column":78}},"22":{"start":{"line":105,"column":23},"end":{"line":107,"column":32}},"23":{"start":{"line":106,"column":21},"end":{"line":106,"column":59}},"24":{"start":{"line":107,"column":18},"end":{"line":107,"column":31}},"25":{"start":{"line":110,"column":29},"end":{"line":110,"column":78}},"26":{"start":{"line":110,"column":55},"end":{"line":110,"column":77}},"27":{"start":{"line":112,"column":49},"end":{"line":112,"column":53}},"28":{"start":{"line":113,"column":48},"end":{"line":113,"column":52}},"29":{"start":{"line":115,"column":4},"end":{"line":122,"column":5}},"30":{"start":{"line":116,"column":6},"end":{"line":118,"column":8}},"31":{"start":{"line":117,"column":8},"end":{"line":117,"column":67}},"32":{"start":{"line":119,"column":6},"end":{"line":121,"column":8}},"33":{"start":{"line":120,"column":8},"end":{"line":120,"column":66}},"34":{"start":{"line":125,"column":28},"end":{"line":125,"column":82}},"35":{"start":{"line":125,"column":59},"end":{"line":125,"column":78}},"36":{"start":{"line":126,"column":26},"end":{"line":126,"column":53}},"37":{"start":{"line":127,"column":36},"end":{"line":127,"column":92}},"38":{"start":{"line":127,"column":69},"end":{"line":127,"column":88}},"39":{"start":{"line":129,"column":27},"end":{"line":131,"column":9}},"40":{"start":{"line":133,"column":4},"end":{"line":144,"column":6}},"41":{"start":{"line":148,"column":28},"end":{"line":148,"column":30}},"42":{"start":{"line":151,"column":4},"end":{"line":151,"column":40}},"43":{"start":{"line":152,"column":4},"end":{"line":152,"column":19}},"44":{"start":{"line":153,"column":4},"end":{"line":153,"column":75}},"45":{"start":{"line":154,"column":4},"end":{"line":154,"column":73}},"46":{"start":{"line":155,"column":4},"end":{"line":155,"column":74}},"47":{"start":{"line":156,"column":4},"end":{"line":156,"column":19}},"48":{"start":{"line":159,"column":4},"end":{"line":161,"column":5}},"49":{"start":{"line":160,"column":6},"end":{"line":160,"column":106}},"50":{"start":{"line":162,"column":4},"end":{"line":164,"column":5}},"51":{"start":{"line":163,"column":6},"end":{"line":163,"column":115}},"52":{"start":{"line":165,"column":4},"end":{"line":167,"column":5}},"53":{"start":{"line":166,"column":6},"end":{"line":166,"column":66}},"54":{"start":{"line":168,"column":4},"end":{"line":168,"column":19}},"55":{"start":{"line":171,"column":4},"end":{"line":171,"column":67}},"56":{"start":{"line":172,"column":4},"end":{"line":172,"column":84}},"57":{"start":{"line":175,"column":4},"end":{"line":197,"column":5}},"58":{"start":{"line":176,"column":19},"end":{"line":176,"column":36}},"59":{"start":{"line":177,"column":19},"end":{"line":177,"column":35}},"60":{"start":{"line":180,"column":6},"end":{"line":188,"column":7}},"61":{"start":{"line":181,"column":8},"end":{"line":181,"column":30}},"62":{"start":{"line":182,"column":13},"end":{"line":188,"column":7}},"63":{"start":{"line":183,"column":8},"end":{"line":183,"column":28}},"64":{"start":{"line":184,"column":13},"end":{"line":188,"column":7}},"65":{"start":{"line":185,"column":8},"end":{"line":185,"column":47}},"66":{"start":{"line":187,"column":8},"end":{"line":187,"column":58}},"67":{"start":{"line":190,"column":20},"end":{"line":190,"column":57}},"68":{"start":{"line":191,"column":21},"end":{"line":193,"column":15}},"69":{"start":{"line":194,"column":20},"end":{"line":194,"column":60}},"70":{"start":{"line":196,"column":6},"end":{"line":196,"column":95}},"71":{"start":{"line":199,"column":4},"end":{"line":199,"column":19}},"72":{"start":{"line":200,"column":4},"end":{"line":200,"column":66}},"73":{"start":{"line":202,"column":4},"end":{"line":202,"column":28}},"74":{"start":{"line":206,"column":20},"end":{"line":206,"column":65}},"75":{"start":{"line":207,"column":18},"end":{"line":207,"column":61}},"76":{"start":{"line":209,"column":23},"end":{"line":209,"column":73}},"77":{"start":{"line":209,"column":50},"end":{"line":209,"column":69}},"78":{"start":{"line":210,"column":23},"end":{"line":210,"column":71}},"79":{"start":{"line":210,"column":48},"end":{"line":210,"column":67}},"80":{"start":{"line":211,"column":23},"end":{"line":211,"column":75}},"81":{"start":{"line":213,"column":4},"end":{"line":220,"column":6}},"82":{"start":{"line":224,"column":4},"end":{"line":233,"column":5}},"83":{"start":{"line":226,"column":8},"end":{"line":226,"column":34}},"84":{"start":{"line":228,"column":8},"end":{"line":228,"column":46}},"85":{"start":{"line":230,"column":8},"end":{"line":230,"column":22}},"86":{"start":{"line":232,"column":8},"end":{"line":232,"column":26}},"87":{"start":{"line":237,"column":4},"end":{"line":243,"column":5}},"88":{"start":{"line":238,"column":6},"end":{"line":238,"column":44}},"89":{"start":{"line":239,"column":11},"end":{"line":243,"column":5}},"90":{"start":{"line":240,"column":6},"end":{"line":240,"column":44}},"91":{"start":{"line":241,"column":11},"end":{"line":243,"column":5}},"92":{"start":{"line":242,"column":6},"end":{"line":242,"column":44}},"93":{"start":{"line":244,"column":4},"end":{"line":244,"column":28}},"94":{"start":{"line":45,"column":0},"end":{"line":45,"column":13}}},"fnMap":{"0":{"name":"(anonymous_0)","decl":{"start":{"line":48,"column":2},"end":{"line":48,"column":14}},"loc":{"start":{"line":48,"column":33},"end":{"line":50,"column":3}}},"1":{"name":"(anonymous_1)","decl":{"start":{"line":52,"column":2},"end":{"line":52,"column":28}},"loc":{"start":{"line":56,"column":21},"end":{"line":145,"column":3}}},"2":{"name":"(anonymous_2)","decl":{"start":{"line":63,"column":25},"end":{"line":63,"column":26}},"loc":{"start":{"line":63,"column":32},"end":{"line":63,"column":65}}},"3":{"name":"(anonymous_3)","decl":{"start":{"line":66,"column":60},"end":{"line":66,"column":61}},"loc":{"start":{"line":66,"column":72},"end":{"line":100,"column":5}}},"4":{"name":"(anonymous_4)","decl":{"start":{"line":103,"column":55},"end":{"line":103,"column":56}},"loc":{"start":{"line":103,"column":62},"end":{"line":103,"column":75}}},"5":{"name":"(anonymous_5)","decl":{"start":{"line":106,"column":14},"end":{"line":106,"column":15}},"loc":{"start":{"line":106,"column":21},"end":{"line":106,"column":59}}},"6":{"name":"(anonymous_6)","decl":{"start":{"line":107,"column":11},"end":{"line":107,"column":12}},"loc":{"start":{"line":107,"column":18},"end":{"line":107,"column":31}}},"7":{"name":"(anonymous_7)","decl":{"start":{"line":110,"column":48},"end":{"line":110,"column":49}},"loc":{"start":{"line":110,"column":55},"end":{"line":110,"column":77}}},"8":{"name":"(anonymous_8)","decl":{"start":{"line":116,"column":46},"end":{"line":116,"column":47}},"loc":{"start":{"line":117,"column":8},"end":{"line":117,"column":67}}},"9":{"name":"(anonymous_9)","decl":{"start":{"line":119,"column":45},"end":{"line":119,"column":46}},"loc":{"start":{"line":120,"column":8},"end":{"line":120,"column":66}}},"10":{"name":"(anonymous_10)","decl":{"start":{"line":125,"column":47},"end":{"line":125,"column":48}},"loc":{"start":{"line":125,"column":59},"end":{"line":125,"column":78}}},"11":{"name":"(anonymous_11)","decl":{"start":{"line":127,"column":57},"end":{"line":127,"column":58}},"loc":{"start":{"line":127,"column":69},"end":{"line":127,"column":88}}},"12":{"name":"(anonymous_12)","decl":{"start":{"line":147,"column":2},"end":{"line":147,"column":21}},"loc":{"start":{"line":147,"column":48},"end":{"line":203,"column":3}}},"13":{"name":"(anonymous_13)","decl":{"start":{"line":205,"column":2},"end":{"line":205,"column":22}},"loc":{"start":{"line":205,"column":59},"end":{"line":221,"column":3}}},"14":{"name":"(anonymous_14)","decl":{"start":{"line":209,"column":38},"end":{"line":209,"column":39}},"loc":{"start":{"line":209,"column":50},"end":{"line":209,"column":69}}},"15":{"name":"(anonymous_15)","decl":{"start":{"line":210,"column":36},"end":{"line":210,"column":37}},"loc":{"start":{"line":210,"column":48},"end":{"line":210,"column":67}}},"16":{"name":"(anonymous_16)","decl":{"start":{"line":223,"column":10},"end":{"line":223,"column":27}},"loc":{"start":{"line":223,"column":50},"end":{"line":234,"column":3}}},"17":{"name":"(anonymous_17)","decl":{"start":{"line":236,"column":10},"end":{"line":236,"column":22}},"loc":{"start":{"line":236,"column":36},"end":{"line":245,"column":3}}}},"branchMap":{"0":{"loc":{"start":{"line":56,"column":4},"end":{"line":56,"column":21}},"type":"default-arg","locations":[{"start":{"line":56,"column":19},"end":{"line":56,"column":21}}]},"1":{"loc":{"start":{"line":71,"column":6},"end":{"line":74,"column":7}},"type":"if","locations":[{"start":{"line":71,"column":6},"end":{"line":74,"column":7}}]},"2":{"loc":{"start":{"line":77,"column":6},"end":{"line":79,"column":7}},"type":"if","locations":[{"start":{"line":77,"column":6},"end":{"line":79,"column":7}}]},"3":{"loc":{"start":{"line":77,"column":10},"end":{"line":77,"column":46}},"type":"binary-expr","locations":[{"start":{"line":77,"column":10},"end":{"line":77,"column":18}},{"start":{"line":77,"column":22},"end":{"line":77,"column":46}}]},"4":{"loc":{"start":{"line":82,"column":6},"end":{"line":84,"column":7}},"type":"if","locations":[{"start":{"line":82,"column":6},"end":{"line":84,"column":7}}]},"5":{"loc":{"start":{"line":82,"column":10},"end":{"line":82,"column":47}},"type":"binary-expr","locations":[{"start":{"line":82,"column":10},"end":{"line":82,"column":18}},{"start":{"line":82,"column":22},"end":{"line":82,"column":47}}]},"6":{"loc":{"start":{"line":89,"column":23},"end":{"line":89,"column":52}},"type":"binary-expr","locations":[{"start":{"line":89,"column":23},"end":{"line":89,"column":44}},{"start":{"line":89,"column":48},"end":{"line":89,"column":52}}]},"7":{"loc":{"start":{"line":93,"column":24},"end":{"line":93,"column":53}},"type":"binary-expr","locations":[{"start":{"line":93,"column":24},"end":{"line":93,"column":45}},{"start":{"line":93,"column":49},"end":{"line":93,"column":53}}]},"8":{"loc":{"start":{"line":96,"column":25},"end":{"line":96,"column":55}},"type":"binary-expr","locations":[{"start":{"line":96,"column":25},"end":{"line":96,"column":47}},{"start":{"line":96,"column":51},"end":{"line":96,"column":55}}]},"9":{"loc":{"start":{"line":115,"column":4},"end":{"line":122,"column":5}},"type":"if","locations":[{"start":{"line":115,"column":4},"end":{"line":122,"column":5}}]},"10":{"loc":{"start":{"line":117,"column":8},"end":{"line":117,"column":67}},"type":"cond-expr","locations":[{"start":{"line":117,"column":60},"end":{"line":117,"column":61}},{"start":{"line":117,"column":64},"end":{"line":117,"column":67}}]},"11":{"loc":{"start":{"line":117,"column":27},"end":{"line":117,"column":55}},"type":"binary-expr","locations":[{"start":{"line":117,"column":27},"end":{"line":117,"column":42}},{"start":{"line":117,"column":46},"end":{"line":117,"column":55}}]},"12":{"loc":{"start":{"line":120,"column":8},"end":{"line":120,"column":66}},"type":"cond-expr","locations":[{"start":{"line":120,"column":59},"end":{"line":120,"column":60}},{"start":{"line":120,"column":63},"end":{"line":120,"column":66}}]},"13":{"loc":{"start":{"line":120,"column":27},"end":{"line":120,"column":54}},"type":"binary-expr","locations":[{"start":{"line":120,"column":27},"end":{"line":120,"column":42}},{"start":{"line":120,"column":46},"end":{"line":120,"column":54}}]},"14":{"loc":{"start":{"line":129,"column":27},"end":{"line":131,"column":9}},"type":"cond-expr","locations":[{"start":{"line":130,"column":8},"end":{"line":130,"column":85}},{"start":{"line":131,"column":8},"end":{"line":131,"column":9}}]},"15":{"loc":{"start":{"line":159,"column":4},"end":{"line":161,"column":5}},"type":"if","locations":[{"start":{"line":159,"column":4},"end":{"line":161,"column":5}}]},"16":{"loc":{"start":{"line":162,"column":4},"end":{"line":164,"column":5}},"type":"if","locations":[{"start":{"line":162,"column":4},"end":{"line":164,"column":5}}]},"17":{"loc":{"start":{"line":162,"column":8},"end":{"line":162,"column":67}},"type":"binary-expr","locations":[{"start":{"line":162,"column":8},"end":{"line":162,"column":27}},{"start":{"line":162,"column":31},"end":{"line":162,"column":67}}]},"18":{"loc":{"start":{"line":165,"column":4},"end":{"line":167,"column":5}},"type":"if","locations":[{"start":{"line":165,"column":4},"end":{"line":167,"column":5}}]},"19":{"loc":{"start":{"line":180,"column":6},"end":{"line":188,"column":7}},"type":"if","locations":[{"start":{"line":180,"column":6},"end":{"line":188,"column":7}},{"start":{"line":182,"column":13},"end":{"line":188,"column":7}}]},"20":{"loc":{"start":{"line":182,"column":13},"end":{"line":188,"column":7}},"type":"if","locations":[{"start":{"line":182,"column":13},"end":{"line":188,"column":7}},{"start":{"line":184,"column":13},"end":{"line":188,"column":7}}]},"21":{"loc":{"start":{"line":184,"column":13},"end":{"line":188,"column":7}},"type":"if","locations":[{"start":{"line":184,"column":13},"end":{"line":188,"column":7}},{"start":{"line":186,"column":13},"end":{"line":188,"column":7}}]},"22":{"loc":{"start":{"line":191,"column":21},"end":{"line":193,"column":15}},"type":"cond-expr","locations":[{"start":{"line":192,"column":10},"end":{"line":192,"column":88}},{"start":{"line":193,"column":10},"end":{"line":193,"column":15}}]},"23":{"loc":{"start":{"line":192,"column":13},"end":{"line":192,"column":50}},"type":"cond-expr","locations":[{"start":{"line":192,"column":42},"end":{"line":192,"column":45}},{"start":{"line":192,"column":48},"end":{"line":192,"column":50}}]},"24":{"loc":{"start":{"line":211,"column":23},"end":{"line":211,"column":75}},"type":"cond-expr","locations":[{"start":{"line":211,"column":40},"end":{"line":211,"column":71}},{"start":{"line":211,"column":74},"end":{"line":211,"column":75}}]},"25":{"loc":{"start":{"line":224,"column":4},"end":{"line":233,"column":5}},"type":"switch","locations":[{"start":{"line":225,"column":6},"end":{"line":226,"column":34}},{"start":{"line":227,"column":6},"end":{"line":228,"column":46}},{"start":{"line":229,"column":6},"end":{"line":230,"column":22}},{"start":{"line":231,"column":6},"end":{"line":232,"column":26}}]},"26":{"loc":{"start":{"line":237,"column":4},"end":{"line":243,"column":5}},"type":"if","locations":[{"start":{"line":237,"column":4},"end":{"line":243,"column":5}},{"start":{"line":239,"column":11},"end":{"line":243,"column":5}}]},"27":{"loc":{"start":{"line":239,"column":11},"end":{"line":243,"column":5}},"type":"if","locations":[{"start":{"line":239,"column":11},"end":{"line":243,"column":5}},{"start":{"line":241,"column":11},"end":{"line":243,"column":5}}]},"28":{"loc":{"start":{"line":241,"column":11},"end":{"line":243,"column":5}},"type":"if","locations":[{"start":{"line":241,"column":11},"end":{"line":243,"column":5}}]}},"s":{"0":14,"1":13,"2":13,"3":13,"4":13,"5":124,"6":13,"7":124,"8":124,"9":124,"10":124,"11":112,"12":124,"13":124,"14":112,"15":124,"16":124,"17":112,"18":124,"19":13,"20":124,"21":13,"22":13,"23":124,"24":12,"25":13,"26":124,"27":13,"28":13,"29":13,"30":13,"31":99,"32":13,"33":99,"34":13,"35":124,"36":13,"37":13,"38":124,"39":13,"40":13,"41":4,"42":4,"43":4,"44":4,"45":4,"46":4,"47":4,"48":4,"49":4,"50":4,"51":4,"52":4,"53":4,"54":4,"55":4,"56":4,"57":4,"58":40,"59":40,"60":40,"61":4,"62":36,"63":12,"64":24,"65":12,"66":12,"67":40,"68":40,"69":40,"70":40,"71":4,"72":4,"73":4,"74":1,"75":1,"76":1,"77":10,"78":1,"79":10,"80":1,"81":1,"82":4,"83":4,"84":0,"85":0,"86":0,"87":40,"88":0,"89":40,"90":40,"91":0,"92":0,"93":0,"94":1},"f":{"0":14,"1":13,"2":124,"3":124,"4":124,"5":124,"6":12,"7":124,"8":99,"9":99,"10":124,"11":124,"12":4,"13":1,"14":10,"15":10,"16":4,"17":40},"b":{"0":[0],"1":[112],"2":[112],"3":[124,112],"4":[112],"5":[124,112],"6":[124,12],"7":[124,12],"8":[124,12],"9":[13],"10":[14,85],"11":[99,14],"12":[27,72],"13":[99,15],"14":[13,0],"15":[4],"16":[4],"17":[4,4],"18":[4],"19":[4,36],"20":[12,24],"21":[12,12],"22":[36,4],"23":[36,0],"24":[1,0],"25":[4,0,0,0],"26":[0,40],"27":[40,0],"28":[0]}}
,"/home/ubuntu/saudi-exchange-reports/skills/saudi-exchange/scripts/database.ts": {"path":"/home/ubuntu/saudi-exchange-reports/skills/saudi-exchange/scripts/database.ts","statementMap":{"0":{"start":{"line":6,"column":0},"end":{"line":6,"column":38}},"1":{"start":{"line":7,"column":0},"end":{"line":7,"column":29}},"2":{"start":{"line":38,"column":24},"end":{"line":38,"column":79}},"3":{"start":{"line":39,"column":4},"end":{"line":39,"column":50}},"4":{"start":{"line":40,"column":4},"end":{"line":40,"column":16}},"5":{"start":{"line":45,"column":4},"end":{"line":64,"column":7}},"6":{"start":{"line":67,"column":4},"end":{"line":78,"column":7}},"7":{"start":{"line":81,"column":4},"end":{"line":87,"column":7}},"8":{"start":{"line":91,"column":17},"end":{"line":94,"column":6}},"9":{"start":{"line":95,"column":4},"end":{"line":95,"column":50}},"10":{"start":{"line":95,"column":40},"end":{"line":95,"column":48}},"11":{"start":{"line":99,"column":17},"end":{"line":124,"column":6}},"12":{"start":{"line":126,"column":4},"end":{"line":126,"column":19}},"13":{"start":{"line":130,"column":23},"end":{"line":134,"column":6}},"14":{"start":{"line":131,"column":6},"end":{"line":133,"column":7}},"15":{"start":{"line":132,"column":8},"end":{"line":132,"column":36}},"16":{"start":{"line":135,"column":4},"end":{"line":135,"column":25}},"17":{"start":{"line":139,"column":16},"end":{"line":142,"column":6}},"18":{"start":{"line":143,"column":26},"end":{"line":143,"column":32}},"19":{"start":{"line":145,"column":4},"end":{"line":148,"column":5}},"20":{"start":{"line":146,"column":6},"end":{"line":146,"column":38}},"21":{"start":{"line":147,"column":6},"end":{"line":147,"column":30}},"22":{"start":{"line":150,"column":4},"end":{"line":150,"column":41}},"23":{"start":{"line":152,"column":17},"end":{"line":152,"column":39}},"24":{"start":{"line":153,"column":4},"end":{"line":153,"column":54}},"25":{"start":{"line":157,"column":16},"end":{"line":160,"column":6}},"26":{"start":{"line":161,"column":26},"end":{"line":161,"column":32}},"27":{"start":{"line":163,"column":4},"end":{"line":166,"column":5}},"28":{"start":{"line":164,"column":6},"end":{"line":164,"column":38}},"29":{"start":{"line":165,"column":6},"end":{"line":165,"column":30}},"30":{"start":{"line":168,"column":4},"end":{"line":168,"column":49}},"31":{"start":{"line":169,"column":4},"end":{"line":169,"column":23}},"32":{"start":{"line":171,"column":17},"end":{"line":171,"column":39}},"33":{"start":{"line":172,"column":4},"end":{"line":172,"column":54}},"34":{"start":{"line":176,"column":16},"end":{"line":179,"column":6}},"35":{"start":{"line":180,"column":26},"end":{"line":180,"column":44}},"36":{"start":{"line":182,"column":4},"end":{"line":185,"column":5}},"37":{"start":{"line":183,"column":6},"end":{"line":183,"column":38}},"38":{"start":{"line":184,"column":6},"end":{"line":184,"column":30}},"39":{"start":{"line":187,"column":17},"end":{"line":187,"column":39}},"40":{"start":{"line":188,"column":4},"end":{"line":188,"column":59}},"41":{"start":{"line":192,"column":17},"end":{"line":195,"column":6}},"42":{"start":{"line":196,"column":4},"end":{"line":196,"column":50}},"43":{"start":{"line":196,"column":40},"end":{"line":196,"column":48}},"44":{"start":{"line":200,"column":17},"end":{"line":204,"column":6}},"45":{"start":{"line":205,"column":4},"end":{"line":205,"column":61}},"46":{"start":{"line":205,"column":44},"end":{"line":205,"column":59}},"47":{"start":{"line":209,"column":16},"end":{"line":212,"column":6}},"48":{"start":{"line":213,"column":26},"end":{"line":213,"column":32}},"49":{"start":{"line":215,"column":4},"end":{"line":218,"column":5}},"50":{"start":{"line":216,"column":6},"end":{"line":216,"column":38}},"51":{"start":{"line":217,"column":6},"end":{"line":217,"column":30}},"52":{"start":{"line":220,"column":17},"end":{"line":220,"column":39}},"53":{"start":{"line":221,"column":19},"end":{"line":221,"column":71}},"54":{"start":{"line":222,"column":4},"end":{"line":222,"column":30}},"55":{"start":{"line":226,"column":17},"end":{"line":236,"column":6}},"56":{"start":{"line":237,"column":4},"end":{"line":237,"column":23}},"57":{"start":{"line":241,"column":17},"end":{"line":244,"column":6}},"58":{"start":{"line":245,"column":4},"end":{"line":245,"column":63}},"59":{"start":{"line":249,"column":17},"end":{"line":252,"column":6}},"60":{"start":{"line":253,"column":4},"end":{"line":253,"column":42}},"61":{"start":{"line":257,"column":4},"end":{"line":257,"column":20}},"62":{"start":{"line":34,"column":0},"end":{"line":34,"column":13}}},"fnMap":{"0":{"name":"(anonymous_10)","decl":{"start":{"line":37,"column":2},"end":{"line":37,"column":14}},"loc":{"start":{"line":37,"column":29},"end":{"line":41,"column":3}}},"1":{"name":"(anonymous_11)","decl":{"start":{"line":43,"column":10},"end":{"line":43,"column":14}},"loc":{"start":{"line":43,"column":14},"end":{"line":88,"column":3}}},"2":{"name":"(anonymous_12)","decl":{"start":{"line":90,"column":2},"end":{"line":90,"column":11}},"loc":{"start":{"line":90,"column":11},"end":{"line":96,"column":3}}},"3":{"name":"(anonymous_13)","decl":{"start":{"line":95,"column":26},"end":{"line":95,"column":27}},"loc":{"start":{"line":95,"column":40},"end":{"line":95,"column":48}}},"4":{"name":"(anonymous_14)","decl":{"start":{"line":98,"column":2},"end":{"line":98,"column":18}},"loc":{"start":{"line":98,"column":42},"end":{"line":127,"column":3}}},"5":{"name":"(anonymous_15)","decl":{"start":{"line":129,"column":2},"end":{"line":129,"column":23}},"loc":{"start":{"line":129,"column":53},"end":{"line":136,"column":3}}},"6":{"name":"(anonymous_16)","decl":{"start":{"line":130,"column":43},"end":{"line":130,"column":44}},"loc":{"start":{"line":130,"column":74},"end":{"line":134,"column":5}}},"7":{"name":"(anonymous_17)","decl":{"start":{"line":138,"column":2},"end":{"line":138,"column":21}},"loc":{"start":{"line":138,"column":58},"end":{"line":154,"column":3}}},"8":{"name":"(anonymous_18)","decl":{"start":{"line":156,"column":2},"end":{"line":156,"column":15}},"loc":{"start":{"line":156,"column":67},"end":{"line":173,"column":3}}},"9":{"name":"(anonymous_19)","decl":{"start":{"line":175,"column":2},"end":{"line":175,"column":17}},"loc":{"start":{"line":175,"column":74},"end":{"line":189,"column":3}}},"10":{"name":"(anonymous_20)","decl":{"start":{"line":191,"column":2},"end":{"line":191,"column":19}},"loc":{"start":{"line":191,"column":19},"end":{"line":197,"column":3}}},"11":{"name":"(anonymous_21)","decl":{"start":{"line":196,"column":26},"end":{"line":196,"column":27}},"loc":{"start":{"line":196,"column":40},"end":{"line":196,"column":48}}},"12":{"name":"(anonymous_22)","decl":{"start":{"line":199,"column":2},"end":{"line":199,"column":25}},"loc":{"start":{"line":199,"column":38},"end":{"line":206,"column":3}}},"13":{"name":"(anonymous_23)","decl":{"start":{"line":205,"column":30},"end":{"line":205,"column":31}},"loc":{"start":{"line":205,"column":44},"end":{"line":205,"column":59}}},"14":{"name":"(anonymous_24)","decl":{"start":{"line":208,"column":2},"end":{"line":208,"column":21}},"loc":{"start":{"line":208,"column":58},"end":{"line":223,"column":3}}},"15":{"name":"(anonymous_25)","decl":{"start":{"line":225,"column":2},"end":{"line":225,"column":20}},"loc":{"start":{"line":225,"column":45},"end":{"line":238,"column":3}}},"16":{"name":"(anonymous_26)","decl":{"start":{"line":240,"column":2},"end":{"line":240,"column":19}},"loc":{"start":{"line":240,"column":52},"end":{"line":246,"column":3}}},"17":{"name":"(anonymous_27)","decl":{"start":{"line":248,"column":2},"end":{"line":248,"column":22}},"loc":{"start":{"line":248,"column":22},"end":{"line":254,"column":3}}},"18":{"name":"(anonymous_28)","decl":{"start":{"line":256,"column":2},"end":{"line":256,"column":7}},"loc":{"start":{"line":256,"column":7},"end":{"line":258,"column":3}}}},"branchMap":{"0":{"loc":{"start":{"line":39,"column":27},"end":{"line":39,"column":48}},"type":"binary-expr","locations":[{"start":{"line":39,"column":27},"end":{"line":39,"column":33}},{"start":{"line":39,"column":37},"end":{"line":39,"column":48}}]},"1":{"loc":{"start":{"line":145,"column":4},"end":{"line":148,"column":5}},"type":"if","locations":[{"start":{"line":145,"column":4},"end":{"line":148,"column":5}}]},"2":{"loc":{"start":{"line":163,"column":4},"end":{"line":166,"column":5}},"type":"if","locations":[{"start":{"line":163,"column":4},"end":{"line":166,"column":5}}]},"3":{"loc":{"start":{"line":182,"column":4},"end":{"line":185,"column":5}},"type":"if","locations":[{"start":{"line":182,"column":4},"end":{"line":185,"column":5}}]},"4":{"loc":{"start":{"line":215,"column":4},"end":{"line":218,"column":5}},"type":"if","locations":[{"start":{"line":215,"column":4},"end":{"line":218,"column":5}}]},"5":{"loc":{"start":{"line":222,"column":11},"end":{"line":222,"column":29}},"type":"binary-expr","locations":[{"start":{"line":222,"column":11},"end":{"line":222,"column":24}},{"start":{"line":222,"column":28},"end":{"line":222,"column":29}}]}},"s":{"0":2,"1":2,"2":25,"3":25,"4":25,"5":25,"6":25,"7":25,"8":2,"9":2,"10":4,"11":324,"12":324,"13":0,"14":0,"15":0,"16":0,"17":20,"18":20,"19":20,"20":18,"21":18,"22":20,"23":20,"24":20,"25":28,"26":28,"27":28,"28":26,"29":26,"30":28,"31":28,"32":28,"33":28,"34":0,"35":0,"36":0,"37":0,"38":0,"39":0,"40":0,"41":1,"42":1,"43":3,"44":0,"45":0,"46":0,"47":0,"48":0,"49":0,"50":0,"51":0,"52":0,"53":0,"54":0,"55":1,"56":1,"57":1,"58":1,"59":0,"60":0,"61":25,"62":2},"f":{"0":25,"1":25,"2":2,"3":4,"4":324,"5":0,"6":0,"7":20,"8":28,"9":0,"10":1,"11":3,"12":0,"13":0,"14":0,"15":1,"16":1,"17":0,"18":25},"b":{"0":[25,0],"1":[18],"2":[26],"3":[0],"4":[0],"5":[0,0]}}
,"/home/ubuntu/saudi-exchange-reports/skills/saudi-exchange/scripts/download-reports.ts": {"path":"/home/ubuntu/saudi-exchange-reports/skills/saudi-exchange/scripts/download-reports.ts","statementMap":{"0":{"start":{"line":7,"column":0},"end":{"line":7,"column":36}},"1":{"start":{"line":8,"column":0},"end":{"line":8,"column":31}},"2":{"start":{"line":9,"column":0},"end":{"line":9,"column":29}},"3":{"start":{"line":10,"column":0},"end":{"line":10,"column":26}},"4":{"start":{"line":11,"column":0},"end":{"line":11,"column":64}},"5":{"start":{"line":14,"column":95},"end":{"line":21,"column":2}},"6":{"start":{"line":35,"column":4},"end":{"line":35,"column":25}},"7":{"start":{"line":36,"column":4},"end":{"line":36,"column":36}},"8":{"start":{"line":40,"column":4},"end":{"line":40,"column":30}},"9":{"start":{"line":41,"column":4},"end":{"line":41,"column":32}},"10":{"start":{"line":44,"column":4},"end":{"line":44,"column":46}},"11":{"start":{"line":46,"column":4},"end":{"line":65,"column":5}},"12":{"start":{"line":47,"column":6},"end":{"line":47,"column":41}},"13":{"start":{"line":49,"column":19},"end":{"line":49,"column":42}},"14":{"start":{"line":50,"column":6},"end":{"line":53,"column":7}},"15":{"start":{"line":51,"column":8},"end":{"line":51,"column":48}},"16":{"start":{"line":52,"column":8},"end":{"line":52,"column":17}},"17":{"start":{"line":56,"column":6},"end":{"line":58,"column":7}},"18":{"start":{"line":57,"column":8},"end":{"line":57,"column":67}},"19":{"start":{"line":59,"column":6},"end":{"line":61,"column":7}},"20":{"start":{"line":60,"column":8},"end":{"line":60,"column":59}},"21":{"start":{"line":62,"column":6},"end":{"line":64,"column":7}},"22":{"start":{"line":63,"column":8},"end":{"line":63,"column":59}},"23":{"start":{"line":67,"column":4},"end":{"line":67,"column":27}},"24":{"start":{"line":68,"column":4},"end":{"line":68,"column":52}},"25":{"start":{"line":69,"column":4},"end":{"line":69,"column":56}},"26":{"start":{"line":70,"column":4},"end":{"line":70,"column":53}},"27":{"start":{"line":74,"column":21},"end":{"line":74,"column":57}},"28":{"start":{"line":75,"column":21},"end":{"line":75,"column":63}},"29":{"start":{"line":78,"column":4},"end":{"line":81,"column":5}},"30":{"start":{"line":79,"column":6},"end":{"line":79,"column":41}},"31":{"start":{"line":80,"column":6},"end":{"line":80,"column":13}},"32":{"start":{"line":83,"column":4},"end":{"line":83,"column":37}},"33":{"start":{"line":85,"column":4},"end":{"line":115,"column":5}},"34":{"start":{"line":86,"column":23},"end":{"line":93,"column":8}},"35":{"start":{"line":95,"column":6},"end":{"line":107,"column":7}},"36":{"start":{"line":96,"column":8},"end":{"line":96,"column":52}},"37":{"start":{"line":97,"column":8},"end":{"line":97,"column":45}},"38":{"start":{"line":100,"column":8},"end":{"line":106,"column":11}},"39":{"start":{"line":109,"column":6},"end":{"line":114,"column":7}},"40":{"start":{"line":110,"column":8},"end":{"line":110,"column":54}},"41":{"start":{"line":111,"column":8},"end":{"line":111,"column":39}},"42":{"start":{"line":113,"column":8},"end":{"line":113,"column":50}},"43":{"start":{"line":119,"column":4},"end":{"line":119,"column":42}},"44":{"start":{"line":121,"column":4},"end":{"line":124,"column":5}},"45":{"start":{"line":122,"column":6},"end":{"line":122,"column":48}},"46":{"start":{"line":123,"column":6},"end":{"line":123,"column":13}},"47":{"start":{"line":126,"column":20},"end":{"line":126,"column":55}},"48":{"start":{"line":127,"column":18},"end":{"line":127,"column":75}},"49":{"start":{"line":127,"column":63},"end":{"line":127,"column":74}},"50":{"start":{"line":129,"column":4},"end":{"line":132,"column":5}},"51":{"start":{"line":130,"column":6},"end":{"line":130,"column":38}},"52":{"start":{"line":131,"column":6},"end":{"line":131,"column":13}},"53":{"start":{"line":135,"column":19},"end":{"line":135,"column":81}},"54":{"start":{"line":135,"column":58},"end":{"line":135,"column":80}},"55":{"start":{"line":136,"column":27},"end":{"line":136,"column":95}},"56":{"start":{"line":138,"column":4},"end":{"line":143,"column":5}},"57":{"start":{"line":139,"column":6},"end":{"line":142,"column":7}},"58":{"start":{"line":140,"column":8},"end":{"line":140,"column":49}},"59":{"start":{"line":141,"column":8},"end":{"line":141,"column":15}},"60":{"start":{"line":146,"column":38},"end":{"line":146,"column":40}},"61":{"start":{"line":147,"column":4},"end":{"line":173,"column":5}},"62":{"start":{"line":147,"column":17},"end":{"line":147,"column":18}},"63":{"start":{"line":148,"column":21},"end":{"line":148,"column":48}},"64":{"start":{"line":149,"column":6},"end":{"line":152,"column":7}},"65":{"start":{"line":150,"column":8},"end":{"line":150,"column":48}},"66":{"start":{"line":151,"column":8},"end":{"line":151,"column":17}},"67":{"start":{"line":154,"column":42},"end":{"line":154,"column":44}},"68":{"start":{"line":155,"column":6},"end":{"line":157,"column":9}},"69":{"start":{"line":156,"column":8},"end":{"line":156,"column":29}},"70":{"start":{"line":159,"column":6},"end":{"line":172,"column":9}},"71":{"start":{"line":176,"column":4},"end":{"line":176,"column":46}},"72":{"start":{"line":177,"column":4},"end":{"line":177,"column":40}},"73":{"start":{"line":178,"column":4},"end":{"line":178,"column":28}},"74":{"start":{"line":182,"column":29},"end":{"line":182,"column":31}},"75":{"start":{"line":183,"column":18},"end":{"line":183,"column":20}},"76":{"start":{"line":184,"column":19},"end":{"line":184,"column":24}},"77":{"start":{"line":186,"column":4},"end":{"line":195,"column":5}},"78":{"start":{"line":187,"column":6},"end":{"line":194,"column":7}},"79":{"start":{"line":188,"column":8},"end":{"line":188,"column":29}},"80":{"start":{"line":189,"column":13},"end":{"line":194,"column":7}},"81":{"start":{"line":190,"column":8},"end":{"line":190,"column":36}},"82":{"start":{"line":191,"column":8},"end":{"line":191,"column":21}},"83":{"start":{"line":193,"column":8},"end":{"line":193,"column":24}},"84":{"start":{"line":196,"column":4},"end":{"line":196,"column":32}},"85":{"start":{"line":198,"column":4},"end":{"line":198,"column":18}},"86":{"start":{"line":202,"column":4},"end":{"line":202,"column":20}},"87":{"start":{"line":245,"column":9},"end":{"line":245,"column":25}},"88":{"start":{"line":208,"column":18},"end":{"line":208,"column":31}},"89":{"start":{"line":210,"column":2},"end":{"line":217,"column":13}},"90":{"start":{"line":219,"column":18},"end":{"line":219,"column":32}},"91":{"start":{"line":221,"column":33},"end":{"line":226,"column":4}},"92":{"start":{"line":223,"column":55},"end":{"line":223,"column":73}},"93":{"start":{"line":228,"column":21},"end":{"line":228,"column":49}},"94":{"start":{"line":230,"column":2},"end":{"line":238,"column":3}},"95":{"start":{"line":231,"column":4},"end":{"line":235,"column":5}},"96":{"start":{"line":232,"column":6},"end":{"line":232,"column":59}},"97":{"start":{"line":234,"column":6},"end":{"line":234,"column":41}},"98":{"start":{"line":237,"column":4},"end":{"line":237,"column":23}},"99":{"start":{"line":241,"column":0},"end":{"line":243,"column":1}},"100":{"start":{"line":242,"column":2},"end":{"line":242,"column":30}}},"fnMap":{"0":{"name":"(anonymous_10)","decl":{"start":{"line":34,"column":2},"end":{"line":34,"column":14}},"loc":{"start":{"line":34,"column":36},"end":{"line":37,"column":3}}},"1":{"name":"(anonymous_11)","decl":{"start":{"line":39,"column":2},"end":{"line":39,"column":7}},"loc":{"start":{"line":39,"column":23},"end":{"line":71,"column":3}}},"2":{"name":"(anonymous_12)","decl":{"start":{"line":73,"column":10},"end":{"line":73,"column":15}},"loc":{"start":{"line":73,"column":70},"end":{"line":116,"column":3}}},"3":{"name":"(anonymous_13)","decl":{"start":{"line":118,"column":2},"end":{"line":118,"column":7}},"loc":{"start":{"line":118,"column":37},"end":{"line":179,"column":3}}},"4":{"name":"(anonymous_14)","decl":{"start":{"line":127,"column":45},"end":{"line":127,"column":46}},"loc":{"start":{"line":127,"column":63},"end":{"line":127,"column":74}}},"5":{"name":"(anonymous_15)","decl":{"start":{"line":135,"column":43},"end":{"line":135,"column":44}},"loc":{"start":{"line":135,"column":58},"end":{"line":135,"column":80}}},"6":{"name":"(anonymous_16)","decl":{"start":{"line":155,"column":21},"end":{"line":155,"column":22}},"loc":{"start":{"line":155,"column":48},"end":{"line":157,"column":7}}},"7":{"name":"(anonymous_17)","decl":{"start":{"line":181,"column":10},"end":{"line":181,"column":22}},"loc":{"start":{"line":181,"column":35},"end":{"line":199,"column":3}}},"8":{"name":"(anonymous_18)","decl":{"start":{"line":201,"column":2},"end":{"line":201,"column":7}},"loc":{"start":{"line":201,"column":7},"end":{"line":203,"column":3}}},"9":{"name":"main","decl":{"start":{"line":207,"column":15},"end":{"line":207,"column":19}},"loc":{"start":{"line":207,"column":19},"end":{"line":239,"column":1}}},"10":{"name":"(anonymous_20)","decl":{"start":{"line":223,"column":40},"end":{"line":223,"column":41}},"loc":{"start":{"line":223,"column":55},"end":{"line":223,"column":73}}}},"branchMap":{"0":{"loc":{"start":{"line":50,"column":6},"end":{"line":53,"column":7}},"type":"if","locations":[{"start":{"line":50,"column":6},"end":{"line":53,"column":7}}]},"1":{"loc":{"start":{"line":56,"column":6},"end":{"line":58,"column":7}},"type":"if","locations":[{"start":{"line":56,"column":6},"end":{"line":58,"column":7}}]},"2":{"loc":{"start":{"line":59,"column":6},"end":{"line":61,"column":7}},"type":"if","locations":[{"start":{"line":59,"column":6},"end":{"line":61,"column":7}}]},"3":{"loc":{"start":{"line":62,"column":6},"end":{"line":64,"column":7}},"type":"if","locations":[{"start":{"line":62,"column":6},"end":{"line":64,"column":7}}]},"4":{"loc":{"start":{"line":78,"column":4},"end":{"line":81,"column":5}},"type":"if","locations":[{"start":{"line":78,"column":4},"end":{"line":81,"column":5}}]},"5":{"loc":{"start":{"line":78,"column":8},"end":{"line":78,"column":67}},"type":"binary-expr","locations":[{"start":{"line":78,"column":8},"end":{"line":78,"column":37}},{"start":{"line":78,"column":41},"end":{"line":78,"column":67}}]},"6":{"loc":{"start":{"line":95,"column":6},"end":{"line":107,"column":7}},"type":"if","locations":[{"start":{"line":95,"column":6},"end":{"line":107,"column":7}}]},"7":{"loc":{"start":{"line":95,"column":10},"end":{"line":95,"column":61}},"type":"binary-expr","locations":[{"start":{"line":95,"column":10},"end":{"line":95,"column":33}},{"start":{"line":95,"column":37},"end":{"line":95,"column":61}}]},"8":{"loc":{"start":{"line":109,"column":6},"end":{"line":114,"column":7}},"type":"if","locations":[{"start":{"line":109,"column":6},"end":{"line":114,"column":7}},{"start":{"line":112,"column":13},"end":{"line":114,"column":7}}]},"9":{"loc":{"start":{"line":121,"column":4},"end":{"line":124,"column":5}},"type":"if","locations":[{"start":{"line":121,"column":4},"end":{"line":124,"column":5}}]},"10":{"loc":{"start":{"line":129,"column":4},"end":{"line":132,"column":5}},"type":"if","locations":[{"start":{"line":129,"column":4},"end":{"line":132,"column":5}}]},"11":{"loc":{"start":{"line":139,"column":6},"end":{"line":142,"column":7}},"type":"if","locations":[{"start":{"line":139,"column":6},"end":{"line":142,"column":7}}]},"12":{"loc":{"start":{"line":149,"column":6},"end":{"line":152,"column":7}},"type":"if","locations":[{"start":{"line":149,"column":6},"end":{"line":152,"column":7}}]},"13":{"loc":{"start":{"line":164,"column":30},"end":{"line":164,"column":50}},"type":"binary-expr","locations":[{"start":{"line":164,"column":30},"end":{"line":164,"column":43}},{"start":{"line":164,"column":47},"end":{"line":164,"column":50}}]},"14":{"loc":{"start":{"line":165,"column":31},"end":{"line":165,"column":52}},"type":"binary-expr","locations":[{"start":{"line":165,"column":31},"end":{"line":165,"column":45}},{"start":{"line":165,"column":49},"end":{"line":165,"column":52}}]},"15":{"loc":{"start":{"line":167,"column":31},"end":{"line":167,"column":52}},"type":"binary-expr","locations":[{"start":{"line":167,"column":31},"end":{"line":167,"column":45}},{"start":{"line":167,"column":49},"end":{"line":167,"column":52}}]},"16":{"loc":{"start":{"line":168,"column":32},"end":{"line":168,"column":54}},"type":"binary-expr","locations":[{"start":{"line":168,"column":32},"end":{"line":168,"column":47}},{"start":{"line":168,"column":51},"end":{"line":168,"column":54}}]},"17":{"loc":{"start":{"line":169,"column":33},"end":{"line":169,"column":56}},"type":"binary-expr","locations":[{"start":{"line":169,"column":33},"end":{"line":169,"column":49}},{"start":{"line":169,"column":53},"end":{"line":169,"column":56}}]},"18":{"loc":{"start":{"line":170,"column":39},"end":{"line":170,"column":68}},"type":"binary-expr","locations":[{"start":{"line":170,"column":39},"end":{"line":170,"column":61}},{"start":{"line":170,"column":65},"end":{"line":170,"column":68}}]},"19":{"loc":{"start":{"line":171,"column":40},"end":{"line":171,"column":70}},"type":"binary-expr","locations":[{"start":{"line":171,"column":40},"end":{"line":171,"column":63}},{"start":{"line":171,"column":67},"end":{"line":171,"column":70}}]},"20":{"loc":{"start":{"line":187,"column":6},"end":{"line":194,"column":7}},"type":"if","locations":[{"start":{"line":187,"column":6},"end":{"line":194,"column":7}},{"start":{"line":189,"column":13},"end":{"line":194,"column":7}}]},"21":{"loc":{"start":{"line":189,"column":13},"end":{"line":194,"column":7}},"type":"if","locations":[{"start":{"line":189,"column":13},"end":{"line":194,"column":7}},{"start":{"line":192,"column":13},"end":{"line":194,"column":7}}]},"22":{"loc":{"start":{"line":189,"column":17},"end":{"line":189,"column":42}},"type":"binary-expr","locations":[{"start":{"line":189,"column":17},"end":{"line":189,"column":29}},{"start":{"line":189,"column":33},"end":{"line":189,"column":42}}]},"23":{"loc":{"start":{"line":231,"column":4},"end":{"line":235,"column":5}},"type":"if","locations":[{"start":{"line":231,"column":4},"end":{"line":235,"column":5}},{"start":{"line":233,"column":11},"end":{"line":235,"column":5}}]},"24":{"loc":{"start":{"line":241,"column":0},"end":{"line":243,"column":1}},"type":"if","locations":[{"start":{"line":241,"column":0},"end":{"line":243,"column":1}}]}},"s":{"0":0,"1":0,"2":0,"3":0,"4":0,"5":0,"6":0,"7":0,"8":0,"9":0,"10":0,"11":0,"12":0,"13":0,"14":0,"15":0,"16":0,"17":0,"18":0,"19":0,"20":0,"21":0,"22":0,"23":0,"24":0,"25":0,"26":0,"27":0,"28":0,"29":0,"30":0,"31":0,"32":0,"33":0,"34":0,"35":0,"36":0,"37":0,"38":0,"39":0,"40":0,"41":0,"42":0,"43":0,"44":0,"45":0,"46":0,"47":0,"48":0,"49":0,"50":0,"51":0,"52":0,"53":0,"54":0,"55":0,"56":0,"57":0,"58":0,"59":0,"60":0,"61":0,"62":0,"63":0,"64":0,"65":0,"66":0,"67":0,"68":0,"69":0,"70":0,"71":0,"72":0,"73":0,"74":0,"75":0,"76":0,"77":0,"78":0,"79":0,"80":0,"81":0,"82":0,"83":0,"84":0,"85":0,"86":0,"87":0,"88":0,"89":0,"90":0,"91":0,"92":0,"93":0,"94":0,"95":0,"96":0,"97":0,"98":0,"99":0,"100":0},"f":{"0":0,"1":0,"2":0,"3":0,"4":0,"5":0,"6":0,"7":0,"8":0,"9":0,"10":0},"b":{"0":[0],"1":[0],"2":[0],"3":[0],"4":[0],"5":[0,0],"6":[0],"7":[0,0],"8":[0,0],"9":[0],"10":[0],"11":[0],"12":[0],"13":[0,0],"14":[0,0],"15":[0,0],"16":[0,0],"17":[0,0],"18":[0,0],"19":[0,0],"20":[0,0],"21":[0,0],"22":[0,0],"23":[0,0],"24":[0]}}
,"/home/ubuntu/saudi-exchange-reports/skills/saudi-exchange/scripts/generate-broker-report.ts": {"path":"/home/ubuntu/saudi-exchange-reports/skills/saudi-exchange/scripts/generate-broker-report.ts","statementMap":{"0":{"start":{"line":7,"column":0},"end":{"line":7,"column":36}},"1":{"start":{"line":8,"column":0},"end":{"line":8,"column":31}},"2":{"start":{"line":9,"column":0},"end":{"line":9,"column":29}},"3":{"start":{"line":10,"column":0},"end":{"line":10,"column":57}},"4":{"start":{"line":11,"column":0},"end":{"line":11,"column":66}},"5":{"start":{"line":23,"column":18},"end":{"line":23,"column":31}},"6":{"start":{"line":25,"column":2},"end":{"line":34,"column":13}},"7":{"start":{"line":36,"column":18},"end":{"line":36,"column":32}},"8":{"start":{"line":38,"column":31},"end":{"line":45,"column":4}},"9":{"start":{"line":47,"column":2},"end":{"line":47,"column":38}},"10":{"start":{"line":48,"column":2},"end":{"line":48,"column":30}},"11":{"start":{"line":49,"column":2},"end":{"line":49,"column":70}},"12":{"start":{"line":50,"column":2},"end":{"line":50,"column":44}},"13":{"start":{"line":51,"column":2},"end":{"line":51,"column":39}},"14":{"start":{"line":52,"column":2},"end":{"line":52,"column":18}},"15":{"start":{"line":54,"column":13},"end":{"line":54,"column":34}},"16":{"start":{"line":55,"column":20},"end":{"line":55,"column":49}},"17":{"start":{"line":57,"column":2},"end":{"line":120,"column":3}},"18":{"start":{"line":59,"column":27},"end":{"line":59,"column":49}},"19":{"start":{"line":60,"column":4},"end":{"line":60,"column":67}},"20":{"start":{"line":62,"column":4},"end":{"line":72,"column":5}},"21":{"start":{"line":63,"column":6},"end":{"line":63,"column":35}},"22":{"start":{"line":64,"column":6},"end":{"line":64,"column":54}},"23":{"start":{"line":65,"column":6},"end":{"line":65,"column":54}},"24":{"start":{"line":68,"column":6},"end":{"line":68,"column":32}},"25":{"start":{"line":69,"column":6},"end":{"line":69,"column":170}},"26":{"start":{"line":70,"column":6},"end":{"line":70,"column":113}},"27":{"start":{"line":71,"column":6},"end":{"line":71,"column":13}},"28":{"start":{"line":74,"column":4},"end":{"line":77,"column":5}},"29":{"start":{"line":75,"column":6},"end":{"line":75,"column":60}},"30":{"start":{"line":76,"column":6},"end":{"line":76,"column":13}},"31":{"start":{"line":79,"column":4},"end":{"line":82,"column":5}},"32":{"start":{"line":80,"column":6},"end":{"line":80,"column":61}},"33":{"start":{"line":81,"column":6},"end":{"line":81,"column":13}},"34":{"start":{"line":85,"column":19},"end":{"line":89,"column":null}},"35":{"start":{"line":93,"column":4},"end":{"line":97,"column":5}},"36":{"start":{"line":94,"column":6},"end":{"line":94,"column":47}},"37":{"start":{"line":96,"column":6},"end":{"line":96,"column":53}},"38":{"start":{"line":100,"column":4},"end":{"line":100,"column":56}},"39":{"start":{"line":101,"column":4},"end":{"line":101,"column":59}},"40":{"start":{"line":103,"column":4},"end":{"line":103,"column":51}},"41":{"start":{"line":106,"column":4},"end":{"line":106,"column":27}},"42":{"start":{"line":107,"column":4},"end":{"line":107,"column":85}},"43":{"start":{"line":108,"column":4},"end":{"line":110,"column":5}},"44":{"start":{"line":109,"column":6},"end":{"line":109,"column":65}},"45":{"start":{"line":111,"column":4},"end":{"line":113,"column":5}},"46":{"start":{"line":112,"column":6},"end":{"line":112,"column":64}},"47":{"start":{"line":114,"column":4},"end":{"line":116,"column":5}},"48":{"start":{"line":115,"column":6},"end":{"line":115,"column":77}},"49":{"start":{"line":119,"column":4},"end":{"line":119,"column":15}},"50":{"start":{"line":123,"column":0},"end":{"line":125,"column":1}},"51":{"start":{"line":124,"column":2},"end":{"line":124,"column":30}}},"fnMap":{"0":{"name":"main","decl":{"start":{"line":22,"column":15},"end":{"line":22,"column":19}},"loc":{"start":{"line":22,"column":19},"end":{"line":121,"column":1}}}},"branchMap":{"0":{"loc":{"start":{"line":60,"column":29},"end":{"line":60,"column":63}},"type":"binary-expr","locations":[{"start":{"line":60,"column":29},"end":{"line":60,"column":54}},{"start":{"line":60,"column":58},"end":{"line":60,"column":63}}]},"1":{"loc":{"start":{"line":62,"column":4},"end":{"line":72,"column":5}},"type":"if","locations":[{"start":{"line":62,"column":4},"end":{"line":72,"column":5}}]},"2":{"loc":{"start":{"line":74,"column":4},"end":{"line":77,"column":5}},"type":"if","locations":[{"start":{"line":74,"column":4},"end":{"line":77,"column":5}}]},"3":{"loc":{"start":{"line":79,"column":4},"end":{"line":82,"column":5}},"type":"if","locations":[{"start":{"line":79,"column":4},"end":{"line":82,"column":5}}]},"4":{"loc":{"start":{"line":93,"column":4},"end":{"line":97,"column":5}},"type":"if","locations":[{"start":{"line":93,"column":4},"end":{"line":97,"column":5}},{"start":{"line":95,"column":11},"end":{"line":97,"column":5}}]},"5":{"loc":{"start":{"line":108,"column":4},"end":{"line":110,"column":5}},"type":"if","locations":[{"start":{"line":108,"column":4},"end":{"line":110,"column":5}}]},"6":{"loc":{"start":{"line":111,"column":4},"end":{"line":113,"column":5}},"type":"if","locations":[{"start":{"line":111,"column":4},"end":{"line":113,"column":5}}]},"7":{"loc":{"start":{"line":111,"column":8},"end":{"line":111,"column":67}},"type":"binary-expr","locations":[{"start":{"line":111,"column":8},"end":{"line":111,"column":27}},{"start":{"line":111,"column":31},"end":{"line":111,"column":67}}]},"8":{"loc":{"start":{"line":114,"column":4},"end":{"line":116,"column":5}},"type":"if","locations":[{"start":{"line":114,"column":4},"end":{"line":116,"column":5}}]},"9":{"loc":{"start":{"line":123,"column":0},"end":{"line":125,"column":1}},"type":"if","locations":[{"start":{"line":123,"column":0},"end":{"line":125,"column":1}}]}},"s":{"0":0,"1":0,"2":0,"3":0,"4":0,"5":0,"6":0,"7":0,"8":0,"9":0,"10":0,"11":0,"12":0,"13":0,"14":0,"15":0,"16":0,"17":0,"18":0,"19":0,"20":0,"21":0,"22":0,"23":0,"24":0,"25":0,"26":0,"27":0,"28":0,"29":0,"30":0,"31":0,"32":0,"33":0,"34":0,"35":0,"36":0,"37":0,"38":0,"39":0,"40":0,"41":0,"42":0,"43":0,"44":0,"45":0,"46":0,"47":0,"48":0,"49":0,"50":0,"51":0},"f":{"0":0},"b":{"0":[0,0],"1":[0],"2":[0],"3":[0],"4":[0,0],"5":[0],"6":[0],"7":[0,0],"8":[0],"9":[0]}}
}
