TN:
SF:broker-report-generator.ts
FN:48,(anonymous_0)
FN:52,(anonymous_1)
FN:63,(anonymous_2)
FN:66,(anonymous_3)
FN:103,(anonymous_4)
FN:106,(anonymous_5)
FN:107,(anonymous_6)
FN:110,(anonymous_7)
FN:116,(anonymous_8)
FN:119,(anonymous_9)
FN:125,(anonymous_10)
FN:127,(anonymous_11)
FN:147,(anonymous_12)
FN:205,(anonymous_13)
FN:209,(anonymous_14)
FN:210,(anonymous_15)
FN:223,(anonymous_16)
FN:236,(anonymous_17)
FNF:18
FNH:18
FNDA:14,(anonymous_0)
FNDA:13,(anonymous_1)
FNDA:124,(anonymous_2)
FNDA:124,(anonymous_3)
FNDA:124,(anonymous_4)
FNDA:124,(anonymous_5)
FNDA:12,(anonymous_6)
FNDA:124,(anonymous_7)
FNDA:99,(anonymous_8)
FNDA:99,(anonymous_9)
FNDA:124,(anonymous_10)
FNDA:124,(anonymous_11)
FNDA:4,(anonymous_12)
FNDA:1,(anonymous_13)
FNDA:10,(anonymous_14)
FNDA:10,(anonymous_15)
FNDA:4,(anonymous_16)
FNDA:40,(anonymous_17)
DA:45,1
DA:49,14
DA:58,13
DA:59,13
DA:62,13
DA:63,124
DA:66,13
DA:67,124
DA:68,124
DA:70,124
DA:71,124
DA:73,112
DA:76,124
DA:77,124
DA:78,112
DA:81,124
DA:82,124
DA:83,112
DA:86,124
DA:103,124
DA:104,13
DA:105,13
DA:106,124
DA:107,12
DA:110,124
DA:112,13
DA:113,13
DA:115,13
DA:116,13
DA:117,99
DA:119,13
DA:120,99
DA:125,124
DA:126,13
DA:127,124
DA:129,13
DA:133,13
DA:148,4
DA:151,4
DA:152,4
DA:153,4
DA:154,4
DA:155,4
DA:156,4
DA:159,4
DA:160,4
DA:162,4
DA:163,4
DA:165,4
DA:166,4
DA:168,4
DA:171,4
DA:172,4
DA:175,4
DA:176,40
DA:177,40
DA:180,40
DA:181,4
DA:182,36
DA:183,12
DA:184,24
DA:185,12
DA:187,12
DA:190,40
DA:191,40
DA:194,40
DA:196,40
DA:199,4
DA:200,4
DA:202,4
DA:206,1
DA:207,1
DA:209,10
DA:210,10
DA:211,1
DA:213,1
DA:224,4
DA:226,4
DA:228,0
DA:230,0
DA:232,0
DA:237,40
DA:238,0
DA:239,40
DA:240,40
DA:241,0
DA:242,0
DA:244,0
LF:88
LH:81
BRDA:56,0,0,0
BRDA:71,1,0,112
BRDA:77,2,0,112
BRDA:77,3,0,124
BRDA:77,3,1,112
BRDA:82,4,0,112
BRDA:82,5,0,124
BRDA:82,5,1,112
BRDA:89,6,0,124
BRDA:89,6,1,12
BRDA:93,7,0,124
BRDA:93,7,1,12
BRDA:96,8,0,124
BRDA:96,8,1,12
BRDA:115,9,0,13
BRDA:117,10,0,14
BRDA:117,10,1,85
BRDA:117,11,0,99
BRDA:117,11,1,14
BRDA:120,12,0,27
BRDA:120,12,1,72
BRDA:120,13,0,99
BRDA:120,13,1,15
BRDA:129,14,0,13
BRDA:129,14,1,0
BRDA:159,15,0,4
BRDA:162,16,0,4
BRDA:162,17,0,4
BRDA:162,17,1,4
BRDA:165,18,0,4
BRDA:180,19,0,4
BRDA:180,19,1,36
BRDA:182,20,0,12
BRDA:182,20,1,24
BRDA:184,21,0,12
BRDA:184,21,1,12
BRDA:191,22,0,36
BRDA:191,22,1,4
BRDA:192,23,0,36
BRDA:192,23,1,0
BRDA:211,24,0,1
BRDA:211,24,1,0
BRDA:224,25,0,4
BRDA:224,25,1,0
BRDA:224,25,2,0
BRDA:224,25,3,0
BRDA:237,26,0,0
BRDA:237,26,1,40
BRDA:239,27,0,40
BRDA:239,27,1,0
BRDA:241,28,0,0
BRF:51
BRH:41
end_of_record
TN:
SF:database.ts
FN:37,(anonymous_10)
FN:43,(anonymous_11)
FN:90,(anonymous_12)
FN:95,(anonymous_13)
FN:98,(anonymous_14)
FN:129,(anonymous_15)
FN:130,(anonymous_16)
FN:138,(anonymous_17)
FN:156,(anonymous_18)
FN:175,(anonymous_19)
FN:191,(anonymous_20)
FN:196,(anonymous_21)
FN:199,(anonymous_22)
FN:205,(anonymous_23)
FN:208,(anonymous_24)
FN:225,(anonymous_25)
FN:240,(anonymous_26)
FN:248,(anonymous_27)
FN:256,(anonymous_28)
FNF:19
FNH:12
FNDA:25,(anonymous_10)
FNDA:25,(anonymous_11)
FNDA:2,(anonymous_12)
FNDA:4,(anonymous_13)
FNDA:324,(anonymous_14)
FNDA:0,(anonymous_15)
FNDA:0,(anonymous_16)
FNDA:20,(anonymous_17)
FNDA:28,(anonymous_18)
FNDA:0,(anonymous_19)
FNDA:1,(anonymous_20)
FNDA:3,(anonymous_21)
FNDA:0,(anonymous_22)
FNDA:0,(anonymous_23)
FNDA:0,(anonymous_24)
FNDA:1,(anonymous_25)
FNDA:1,(anonymous_26)
FNDA:0,(anonymous_27)
FNDA:25,(anonymous_28)
DA:6,2
DA:7,2
DA:34,2
DA:38,25
DA:39,25
DA:40,25
DA:45,25
DA:67,25
DA:81,25
DA:91,2
DA:95,4
DA:99,324
DA:126,324
DA:130,0
DA:131,0
DA:132,0
DA:135,0
DA:139,20
DA:143,20
DA:145,20
DA:146,18
DA:147,18
DA:150,20
DA:152,20
DA:153,20
DA:157,28
DA:161,28
DA:163,28
DA:164,26
DA:165,26
DA:168,28
DA:169,28
DA:171,28
DA:172,28
DA:176,0
DA:180,0
DA:182,0
DA:183,0
DA:184,0
DA:187,0
DA:188,0
DA:192,1
DA:196,3
DA:200,0
DA:205,0
DA:209,0
DA:213,0
DA:215,0
DA:216,0
DA:217,0
DA:220,0
DA:221,0
DA:222,0
DA:226,1
DA:237,1
DA:241,1
DA:245,1
DA:249,0
DA:253,0
DA:257,25
LF:60
LH:37
BRDA:39,0,0,25
BRDA:39,0,1,0
BRDA:145,1,0,18
BRDA:163,2,0,26
BRDA:182,3,0,0
BRDA:215,4,0,0
BRDA:222,5,0,0
BRDA:222,5,1,0
BRF:8
BRH:3
end_of_record
TN:
SF:download-reports.ts
FN:34,(anonymous_10)
FN:39,(anonymous_11)
FN:73,(anonymous_12)
FN:118,(anonymous_13)
FN:127,(anonymous_14)
FN:135,(anonymous_15)
FN:155,(anonymous_16)
FN:181,(anonymous_17)
FN:201,(anonymous_18)
FN:207,main
FN:223,(anonymous_20)
FNF:11
FNH:0
FNDA:0,(anonymous_10)
FNDA:0,(anonymous_11)
FNDA:0,(anonymous_12)
FNDA:0,(anonymous_13)
FNDA:0,(anonymous_14)
FNDA:0,(anonymous_15)
FNDA:0,(anonymous_16)
FNDA:0,(anonymous_17)
FNDA:0,(anonymous_18)
FNDA:0,main
FNDA:0,(anonymous_20)
DA:7,0
DA:8,0
DA:9,0
DA:10,0
DA:11,0
DA:14,0
DA:35,0
DA:36,0
DA:40,0
DA:41,0
DA:44,0
DA:46,0
DA:47,0
DA:49,0
DA:50,0
DA:51,0
DA:52,0
DA:56,0
DA:57,0
DA:59,0
DA:60,0
DA:62,0
DA:63,0
DA:67,0
DA:68,0
DA:69,0
DA:70,0
DA:74,0
DA:75,0
DA:78,0
DA:79,0
DA:80,0
DA:83,0
DA:85,0
DA:86,0
DA:95,0
DA:96,0
DA:97,0
DA:100,0
DA:109,0
DA:110,0
DA:111,0
DA:113,0
DA:119,0
DA:121,0
DA:122,0
DA:123,0
DA:126,0
DA:127,0
DA:129,0
DA:130,0
DA:131,0
DA:135,0
DA:136,0
DA:138,0
DA:139,0
DA:140,0
DA:141,0
DA:146,0
DA:147,0
DA:148,0
DA:149,0
DA:150,0
DA:151,0
DA:154,0
DA:155,0
DA:156,0
DA:159,0
DA:176,0
DA:177,0
DA:178,0
DA:182,0
DA:183,0
DA:184,0
DA:186,0
DA:187,0
DA:188,0
DA:189,0
DA:190,0
DA:191,0
DA:193,0
DA:196,0
DA:198,0
DA:202,0
DA:208,0
DA:210,0
DA:219,0
DA:221,0
DA:223,0
DA:228,0
DA:230,0
DA:231,0
DA:232,0
DA:234,0
DA:237,0
DA:241,0
DA:242,0
DA:245,0
LF:98
LH:0
BRDA:50,0,0,0
BRDA:56,1,0,0
BRDA:59,2,0,0
BRDA:62,3,0,0
BRDA:78,4,0,0
BRDA:78,5,0,0
BRDA:78,5,1,0
BRDA:95,6,0,0
BRDA:95,7,0,0
BRDA:95,7,1,0
BRDA:109,8,0,0
BRDA:109,8,1,0
BRDA:121,9,0,0
BRDA:129,10,0,0
BRDA:139,11,0,0
BRDA:149,12,0,0
BRDA:164,13,0,0
BRDA:164,13,1,0
BRDA:165,14,0,0
BRDA:165,14,1,0
BRDA:167,15,0,0
BRDA:167,15,1,0
BRDA:168,16,0,0
BRDA:168,16,1,0
BRDA:169,17,0,0
BRDA:169,17,1,0
BRDA:170,18,0,0
BRDA:170,18,1,0
BRDA:171,19,0,0
BRDA:171,19,1,0
BRDA:187,20,0,0
BRDA:187,20,1,0
BRDA:189,21,0,0
BRDA:189,21,1,0
BRDA:189,22,0,0
BRDA:189,22,1,0
BRDA:231,23,0,0
BRDA:231,23,1,0
BRDA:241,24,0,0
BRF:39
BRH:0
end_of_record
TN:
SF:generate-broker-report.ts
FN:22,main
FNF:1
FNH:0
FNDA:0,main
DA:7,0
DA:8,0
DA:9,0
DA:10,0
DA:11,0
DA:23,0
DA:25,0
DA:36,0
DA:38,0
DA:47,0
DA:48,0
DA:49,0
DA:50,0
DA:51,0
DA:52,0
DA:54,0
DA:55,0
DA:57,0
DA:59,0
DA:60,0
DA:62,0
DA:63,0
DA:64,0
DA:65,0
DA:68,0
DA:69,0
DA:70,0
DA:71,0
DA:74,0
DA:75,0
DA:76,0
DA:79,0
DA:80,0
DA:81,0
DA:85,0
DA:93,0
DA:94,0
DA:96,0
DA:100,0
DA:101,0
DA:103,0
DA:106,0
DA:107,0
DA:108,0
DA:109,0
DA:111,0
DA:112,0
DA:114,0
DA:115,0
DA:119,0
DA:123,0
DA:124,0
LF:52
LH:0
BRDA:60,0,0,0
BRDA:60,0,1,0
BRDA:62,1,0,0
BRDA:74,2,0,0
BRDA:79,3,0,0
BRDA:93,4,0,0
BRDA:93,4,1,0
BRDA:108,5,0,0
BRDA:111,6,0,0
BRDA:111,7,0,0
BRDA:111,7,1,0
BRDA:114,8,0,0
BRDA:123,9,0,0
BRF:13
BRH:0
end_of_record
